2024-08-02T14:42:18: PM2 log: ===============================================================================
2024-08-02T14:42:18: PM2 log: --- New PM2 Daemon started ----------------------------------------------------
2024-08-02T14:42:18: PM2 log: Time                 : Fri Aug 02 2024 14:42:18 GMT+0000 (Coordinated Universal Time)
2024-08-02T14:42:18: PM2 log: PM2 version          : 5.4.2
2024-08-02T14:42:18: PM2 log: Node.js version      : 18.19.1
2024-08-02T14:42:18: PM2 log: Current arch         : x64
2024-08-02T14:42:18: PM2 log: PM2 home             : /home/ubuntu/.pm2
2024-08-02T14:42:18: PM2 log: PM2 PID file         : /home/ubuntu/.pm2/pm2.pid
2024-08-02T14:42:18: PM2 log: RPC socket file      : /home/ubuntu/.pm2/rpc.sock
2024-08-02T14:42:18: PM2 log: BUS socket file      : /home/ubuntu/.pm2/pub.sock
2024-08-02T14:42:18: PM2 log: Application log path : /home/ubuntu/.pm2/logs
2024-08-02T14:42:18: PM2 log: Worker Interval      : 30000
2024-08-02T14:42:18: PM2 log: Process dump file    : /home/ubuntu/.pm2/dump.pm2
2024-08-02T14:42:18: PM2 log: Concurrent actions   : 2
2024-08-02T14:42:18: PM2 log: SIGTERM timeout      : 1600
2024-08-02T14:42:18: PM2 log: ===============================================================================
2024-08-02T14:43:14: PM2 log: App [index:0] starting in -fork mode-
2024-08-02T14:43:14: PM2 log: App [index:0] online
2024-08-02T14:43:15: PM2 log: App [index:0] exited with code [1] via signal [SIGINT]
2024-08-02T14:43:15: PM2 log: App [index:0] starting in -fork mode-
2024-08-02T14:43:15: PM2 log: App [index:0] online
2024-08-02T14:43:15: PM2 log: App [index:0] exited with code [1] via signal [SIGINT]
2024-08-02T14:43:15: PM2 log: App [index:0] starting in -fork mode-
2024-08-02T14:43:15: PM2 log: App [index:0] online
2024-08-02T14:43:16: PM2 log: App [index:0] exited with code [1] via signal [SIGINT]
2024-08-02T14:43:16: PM2 log: App [index:0] starting in -fork mode-
2024-08-02T14:43:16: PM2 log: App [index:0] online
2024-08-02T14:43:16: PM2 log: App [index:0] exited with code [1] via signal [SIGINT]
2024-08-02T14:43:16: PM2 log: App [index:0] starting in -fork mode-
2024-08-02T14:43:16: PM2 log: App [index:0] online
2024-08-02T14:43:17: PM2 log: App [index:0] exited with code [1] via signal [SIGINT]
2024-08-02T14:43:17: PM2 log: App [index:0] starting in -fork mode-
2024-08-02T14:43:17: PM2 log: App [index:0] online
2024-08-02T14:43:17: PM2 log: App [index:0] exited with code [1] via signal [SIGINT]
2024-08-02T14:43:17: PM2 log: App [index:0] starting in -fork mode-
2024-08-02T14:43:17: PM2 log: App [index:0] online
2024-08-02T14:43:18: PM2 log: App [index:0] exited with code [1] via signal [SIGINT]
2024-08-02T14:43:18: PM2 log: App [index:0] starting in -fork mode-
2024-08-02T14:43:18: PM2 log: App [index:0] online
2024-08-02T14:43:18: PM2 log: App [index:0] exited with code [1] via signal [SIGINT]
2024-08-02T14:43:18: PM2 log: App [index:0] starting in -fork mode-
2024-08-02T14:43:18: PM2 log: App [index:0] online
2024-08-02T14:43:19: PM2 log: App [index:0] exited with code [1] via signal [SIGINT]
2024-08-02T14:43:19: PM2 log: App [index:0] starting in -fork mode-
2024-08-02T14:43:19: PM2 log: App [index:0] online
2024-08-02T14:43:19: PM2 log: App [index:0] exited with code [1] via signal [SIGINT]
2024-08-02T14:43:19: PM2 log: App [index:0] starting in -fork mode-
2024-08-02T14:43:19: PM2 log: App [index:0] online
2024-08-02T14:43:20: PM2 log: App [index:0] exited with code [1] via signal [SIGINT]
2024-08-02T14:43:20: PM2 log: App [index:0] starting in -fork mode-
2024-08-02T14:43:20: PM2 log: App [index:0] online
2024-08-02T14:43:20: PM2 log: App [index:0] exited with code [1] via signal [SIGINT]
2024-08-02T14:43:20: PM2 log: App [index:0] starting in -fork mode-
2024-08-02T14:43:20: PM2 log: App [index:0] online
2024-08-02T14:43:21: PM2 log: App [index:0] exited with code [1] via signal [SIGINT]
2024-08-02T14:43:21: PM2 log: App [index:0] starting in -fork mode-
2024-08-02T14:43:21: PM2 log: App [index:0] online
2024-08-02T14:43:21: PM2 log: App [index:0] exited with code [1] via signal [SIGINT]
2024-08-02T14:43:21: PM2 log: App [index:0] starting in -fork mode-
2024-08-02T14:43:21: PM2 log: App [index:0] online
2024-08-02T14:43:22: PM2 log: App [index:0] exited with code [1] via signal [SIGINT]
2024-08-02T14:43:22: PM2 log: App [index:0] starting in -fork mode-
2024-08-02T14:43:22: PM2 log: App [index:0] online
2024-08-02T14:43:22: PM2 log: App [index:0] exited with code [1] via signal [SIGINT]
2024-08-02T14:43:22: PM2 log: Script /home/ubuntu/mynodeapp/index.js had too many unstable restarts (16). Stopped. "errored"
2024-08-02T14:44:09: PM2 log: App [index:0] starting in -fork mode-
2024-08-02T14:44:09: PM2 log: App [index:0] online
2024-08-02T14:44:10: PM2 log: App [index:0] exited with code [1] via signal [SIGINT]
2024-08-02T14:44:10: PM2 log: App [index:0] starting in -fork mode-
2024-08-02T14:44:10: PM2 log: App [index:0] online
2024-08-02T14:44:10: PM2 log: App [index:0] exited with code [1] via signal [SIGINT]
2024-08-02T14:44:10: PM2 log: App [index:0] starting in -fork mode-
2024-08-02T14:44:10: PM2 log: App [index:0] online
2024-08-02T14:44:11: PM2 log: App [index:0] exited with code [1] via signal [SIGINT]
2024-08-02T14:44:11: PM2 log: App [index:0] starting in -fork mode-
2024-08-02T14:44:11: PM2 log: App [index:0] online
2024-08-02T14:44:11: PM2 log: App [index:0] exited with code [1] via signal [SIGINT]
2024-08-02T14:44:11: PM2 log: App [index:0] starting in -fork mode-
2024-08-02T14:44:11: PM2 log: App [index:0] online
2024-08-02T14:44:12: PM2 log: App [index:0] exited with code [1] via signal [SIGINT]
2024-08-02T14:44:12: PM2 log: App [index:0] starting in -fork mode-
2024-08-02T14:44:12: PM2 log: App [index:0] online
2024-08-02T14:44:12: PM2 log: App [index:0] exited with code [1] via signal [SIGINT]
2024-08-02T14:44:12: PM2 log: App [index:0] starting in -fork mode-
2024-08-02T14:44:12: PM2 log: App [index:0] online
2024-08-02T14:44:13: PM2 log: App [index:0] exited with code [1] via signal [SIGINT]
2024-08-02T14:44:13: PM2 log: App [index:0] starting in -fork mode-
2024-08-02T14:44:13: PM2 log: App [index:0] online
2024-08-02T14:44:13: PM2 log: App [index:0] exited with code [1] via signal [SIGINT]
2024-08-02T14:44:13: PM2 log: App [index:0] starting in -fork mode-
2024-08-02T14:44:13: PM2 log: App [index:0] online
2024-08-02T14:44:14: PM2 log: App [index:0] exited with code [1] via signal [SIGINT]
2024-08-02T14:44:14: PM2 log: App [index:0] starting in -fork mode-
2024-08-02T14:44:14: PM2 log: App [index:0] online
2024-08-02T14:44:14: PM2 log: App [index:0] exited with code [1] via signal [SIGINT]
2024-08-02T14:44:14: PM2 log: App [index:0] starting in -fork mode-
2024-08-02T14:44:14: PM2 log: App [index:0] online
2024-08-02T14:44:15: PM2 log: App [index:0] exited with code [1] via signal [SIGINT]
2024-08-02T14:44:15: PM2 log: App [index:0] starting in -fork mode-
2024-08-02T14:44:15: PM2 log: App [index:0] online
2024-08-02T14:44:15: PM2 log: App [index:0] exited with code [1] via signal [SIGINT]
2024-08-02T14:44:15: PM2 log: App [index:0] starting in -fork mode-
2024-08-02T14:44:15: PM2 log: App [index:0] online
2024-08-02T14:44:16: PM2 log: App [index:0] exited with code [1] via signal [SIGINT]
2024-08-02T14:44:16: PM2 log: App [index:0] starting in -fork mode-
2024-08-02T14:44:16: PM2 log: App [index:0] online
2024-08-02T14:44:16: PM2 log: App [index:0] exited with code [1] via signal [SIGINT]
2024-08-02T14:44:16: PM2 log: App [index:0] starting in -fork mode-
2024-08-02T14:44:16: PM2 log: App [index:0] online
2024-08-02T14:44:17: PM2 log: App [index:0] exited with code [1] via signal [SIGINT]
2024-08-02T14:44:17: PM2 log: App [index:0] starting in -fork mode-
2024-08-02T14:44:17: PM2 log: App [index:0] online
2024-08-02T14:44:17: PM2 log: App [index:0] exited with code [1] via signal [SIGINT]
2024-08-02T14:44:17: PM2 log: Script /home/ubuntu/mynodeapp/index.js had too many unstable restarts (16). Stopped. "errored"
2024-08-02T14:44:55: PM2 log: Stopping app:index id:0
2024-08-02T14:44:55: PM2 error: app=index id=0 does not have a pid
2024-08-02T15:22:29: PM2 log: App [index:0] starting in -fork mode-
2024-08-02T15:22:29: PM2 log: App [index:0] online
2024-08-02T15:23:17: PM2 log: Stopping app:index id:0
2024-08-02T15:23:17: PM2 log: App [index:0] exited with code [0] via signal [SIGINT]
2024-08-02T15:23:17: PM2 log: pid=14603 msg=process killed
2024-08-02T15:24:32: PM2 log: App [index:0] starting in -fork mode-
2024-08-02T15:24:32: PM2 log: App [index:0] online
2024-08-02T15:24:43: PM2 log: Stopping app:index id:0
2024-08-02T15:24:43: PM2 log: App [index:0] exited with code [0] via signal [SIGINT]
2024-08-02T15:24:43: PM2 log: pid=14666 msg=process killed
2024-08-02T16:17:12: PM2 log: pm2 has been killed by signal, dumping process list before exit...
2024-08-02T16:17:12: PM2 log: Deleting process 0
2024-08-02T16:17:12: PM2 log: Exited peacefully
