0 verbose cli /usr/bin/node /usr/bin/npm
1 info using npm@9.2.0
2 info using node@v18.19.1
3 timing npm:load:whichnode Completed in 0ms
4 timing config:load:defaults Completed in 3ms
5 timing config:load:file:/usr/share/nodejs/npm/npmrc Completed in 6ms
6 timing config:load:builtin Completed in 6ms
7 timing config:load:cli Completed in 5ms
8 timing config:load:env Completed in 1ms
9 timing config:load:file:/home/ubuntu/mynodeapp/.npmrc Completed in 1ms
10 timing config:load:project Completed in 2ms
11 timing config:load:file:/home/ubuntu/.npmrc Completed in 1ms
12 timing config:load:user Completed in 1ms
13 timing config:load:file:/etc/npmrc Completed in 2ms
14 timing config:load:global Completed in 2ms
15 timing config:load:setEnvs Completed in 2ms
16 timing config:load Completed in 23ms
17 timing npm:load:configload Completed in 23ms
18 timing npm:load:mkdirpcache Completed in 2ms
19 timing npm:load:mkdirplogs Completed in 0ms
20 verbose title npm completion npm install pa
21 verbose argv "completion" "--" "npm" "install" "pa"
22 timing npm:load:setTitle Completed in 4ms
23 timing config:load:flatten Completed in 10ms
24 timing npm:load:display Completed in 12ms
25 verbose logfile logs-max:10 dir:/home/ubuntu/.npm/_logs/2024-08-02T15_05_57_718Z-
26 verbose logfile /home/ubuntu/.npm/_logs/2024-08-02T15_05_57_718Z-debug-0.log
27 timing npm:load:logFile Completed in 13ms
28 timing npm:load:timers Completed in 0ms
29 timing npm:load:configScope Completed in 0ms
30 timing npm:load Completed in 55ms
31 silly logfile start cleaning logs, removing 1 files
32 timing config:load:flatten Completed in 0ms
33 timing command:completion Completed in 28ms
34 verbose stack TypeError: Cannot read properties of undefined (reading 'filter')
34 verbose stack     at Completion.wrap (/usr/share/nodejs/npm/lib/commands/completion.js:190:23)
34 verbose stack     at Completion.exec (/usr/share/nodejs/npm/lib/commands/completion.js:173:19)
34 verbose stack     at async module.exports (/usr/share/nodejs/npm/lib/cli.js:133:5)
35 verbose cwd /home/ubuntu/mynodeapp
36 verbose Linux 6.8.0-1012-aws
37 verbose node v18.19.1
38 verbose npm  v9.2.0
39 error Cannot read properties of undefined (reading 'filter')
40 verbose exit 1
41 timing npm Completed in 116ms
42 verbose code 1
43 error A complete log of this run can be found in:
43 error     /home/ubuntu/.npm/_logs/2024-08-02T15_05_57_718Z-debug-0.log
