0 verbose cli /usr/bin/node /usr/bin/npm
1 info using npm@9.2.0
2 info using node@v18.19.1
3 timing npm:load:whichnode Completed in 0ms
4 timing config:load:defaults Completed in 3ms
5 timing config:load:file:/usr/share/nodejs/npm/npmrc Completed in 8ms
6 timing config:load:builtin Completed in 8ms
7 timing config:load:cli Completed in 4ms
8 timing config:load:env Completed in 2ms
9 timing config:load:file:/home/ubuntu/mynodeapp/.npmrc Completed in 0ms
10 timing config:load:project Completed in 4ms
11 timing config:load:file:/home/ubuntu/.npmrc Completed in 1ms
12 timing config:load:user Completed in 1ms
13 timing config:load:file:/etc/npmrc Completed in 2ms
14 timing config:load:global Completed in 2ms
15 timing config:load:setEnvs Completed in 1ms
16 timing config:load Completed in 25ms
17 timing npm:load:configload Completed in 25ms
18 timing npm:load:mkdirpcache Completed in 2ms
19 timing npm:load:mkdirplogs Completed in 2ms
20 verbose title npm completion npm install package.json
21 verbose argv "completion" "--" "npm" "install" "package.json" ""
22 timing npm:load:setTitle Completed in 3ms
23 timing config:load:flatten Completed in 12ms
24 timing npm:load:display Completed in 13ms
25 verbose logfile logs-max:10 dir:/home/ubuntu/.npm/_logs/2024-08-02T15_05_58_574Z-
26 verbose logfile /home/ubuntu/.npm/_logs/2024-08-02T15_05_58_574Z-debug-0.log
27 timing npm:load:logFile Completed in 13ms
28 timing npm:load:timers Completed in 0ms
29 timing npm:load:configScope Completed in 0ms
30 timing npm:load Completed in 59ms
31 timing config:load:flatten Completed in 3ms
32 timing command:completion Completed in 22ms
33 verbose stack TypeError: Cannot read properties of undefined (reading 'length')
33 verbose stack     at Completion.wrap (/usr/share/nodejs/npm/lib/commands/completion.js:193:16)
33 verbose stack     at Completion.exec (/usr/share/nodejs/npm/lib/commands/completion.js:173:19)
33 verbose stack     at async module.exports (/usr/share/nodejs/npm/lib/cli.js:133:5)
34 verbose cwd /home/ubuntu/mynodeapp
35 verbose Linux 6.8.0-1012-aws
36 verbose node v18.19.1
37 verbose npm  v9.2.0
38 error Cannot read properties of undefined (reading 'length')
39 verbose exit 1
40 timing npm Completed in 104ms
41 verbose code 1
42 error A complete log of this run can be found in:
42 error     /home/ubuntu/.npm/_logs/2024-08-02T15_05_58_574Z-debug-0.log
